This is pdfTeX, Version 3.14159265-2.6-1.40.21 (MiKTeX 20.6.29) (preloaded format=pdflatex 2020.7.10)  20 OCT 2020 10:32
entering extended mode
**./main.tex
(main.tex
LaTeX2e <2020-02-02> patch level 5
L3 programming layer <2020-06-18>
\@input{template.aux}
\openout2 = `template.aux'.

(template.tex
(C:\Users\apsaros\AppData\Local\Programs\MiKTeX\tex/latex/base\article.cls
Document Class: article 2019/12/20 v1.4l Standard LaTeX document class
(C:\Users\apsaros\AppData\Local\Programs\MiKTeX\tex/latex/base\size10.clo
File: size10.clo 2019/12/20 v1.4l Standard LaTeX file (size option)
)
\c@part=\count167
\c@section=\count168
\c@subsection=\count169
\c@subsubsection=\count170
\c@paragraph=\count171
\c@subparagraph=\count172
\c@figure=\count173
\c@table=\count174
\abovecaptionskip=\skip47
\belowcaptionskip=\skip48
\bibindent=\dimen134
)
(C:\Users\apsaros\AppData\Local\Programs\MiKTeX\tex/latex/csquotes\csquotes.sty
Package: csquotes 2019-12-06 v5.2j context-sensitive quotations (JAW)

(C:\Users\apsaros\AppData\Local\Programs\MiKTeX\tex/latex/etoolbox\etoolbox.sty
Package: etoolbox 2019/09/21 v2.5h e-TeX tools for LaTeX (JAW)
\etb@tempcnta=\count175
) (C:\Users\apsaros\AppData\Local\Programs\MiKTeX\tex/latex/graphics\keyval.sty
Package: keyval 2014/10/28 v1.15 key=value parser (DPC)
\KV@toks@=\toks15
)
\csq@reset=\count176
\csq@gtype=\count177
\csq@glevel=\count178
\csq@qlevel=\count179
\csq@maxlvl=\count180
\csq@tshold=\count181
\csq@ltx@everypar=\toks16

(C:\Users\apsaros\AppData\Local\Programs\MiKTeX\tex/latex/csquotes\csquotes.def
File: csquotes.def 2019-12-06 v5.2j csquotes generic definitions (JAW)
)
Package csquotes Info: Trying to load configuration file 'csquotes.cfg'...
Package csquotes Info: ... configuration file loaded successfully.

(C:\Users\apsaros\AppData\Local\Programs\MiKTeX\tex/latex/csquotes\csquotes.cfg
File: csquotes.cfg 
)) (C:\Users\apsaros\AppData\Local\Programs\MiKTeX\tex/latex/xpatch\xpatch.sty
(C:\Users\apsaros\AppData\Local\Programs\MiKTeX\tex/latex/l3kernel\expl3.sty
Package: expl3 2020-06-18 L3 programming layer (loader) 

(C:\Users\apsaros\AppData\Local\Programs\MiKTeX\tex/latex/l3backend\l3backend-p
dfmode.def
File: l3backend-pdfmode.def 2020-06-29 L3 backend support: PDF mode
\l__kernel_color_stack_int=\count182
\l__pdf_internal_box=\box45
))
Package: xpatch 2020/03/25 v0.3a Extending etoolbox patching commands

(C:\Users\apsaros\AppData\Local\Programs\MiKTeX\tex/latex/l3packages/xparse\xpa
rse.sty
Package: xparse 2020-05-15 L3 Experimental document command parser

(C:\Users\apsaros\AppData\Local\Programs\MiKTeX\tex/latex/l3packages/xparse\xpa
rse-generic.tex
\l__xparse_current_arg_int=\count183
\g__xparse_grabber_int=\count184
\l__xparse_m_args_int=\count185
\l__xparse_v_nesting_int=\count186
)))
(C:\Users\apsaros\AppData\Local\Programs\MiKTeX\tex/latex/biblatex\biblatex.sty
Package: biblatex 2019/12/01 v3.14 programmable bibliographies (PK/MW)

(C:\Users\apsaros\AppData\Local\Programs\MiKTeX\tex/generic/pdftexcmds\pdftexcm
ds.sty
Package: pdftexcmds 2020-06-27 v0.33 Utility functions of pdfTeX for LuaTeX (HO
)

(C:\Users\apsaros\AppData\Local\Programs\MiKTeX\tex/generic/infwarerr\infwarerr
.sty
Package: infwarerr 2019/12/03 v1.5 Providing info/warning/error messages (HO)
)
(C:\Users\apsaros\AppData\Local\Programs\MiKTeX\tex/generic/iftex\iftex.sty
Package: iftex 2020/03/06 v1.0d TeX engine tests
)
(C:\Users\apsaros\AppData\Local\Programs\MiKTeX\tex/generic/ltxcmds\ltxcmds.sty
Package: ltxcmds 2019/12/15 v1.24 LaTeX kernel commands for general use (HO)
)
Package pdftexcmds Info: \pdf@primitive is available.
Package pdftexcmds Info: \pdf@ifprimitive is available.
Package pdftexcmds Info: \pdfdraftmode found.
)
(C:\Users\apsaros\AppData\Local\Programs\MiKTeX\tex/latex/kvoptions\kvoptions.s
ty
Package: kvoptions 2019/11/29 v3.13 Key value format for package options (HO)

(C:\Users\apsaros\AppData\Local\Programs\MiKTeX\tex/generic/kvsetkeys\kvsetkeys
.sty
Package: kvsetkeys 2019/12/15 v1.18 Key value parser (HO)
))
(C:\Users\apsaros\AppData\Local\Programs\MiKTeX\tex/latex/logreq\logreq.sty
Package: logreq 2010/08/04 v1.0 xml request logger
\lrq@indent=\count187

(C:\Users\apsaros\AppData\Local\Programs\MiKTeX\tex/latex/logreq\logreq.def
File: logreq.def 2010/08/04 v1.0 logreq spec v1.0
))
(C:\Users\apsaros\AppData\Local\Programs\MiKTeX\tex/latex/base\ifthen.sty
Package: ifthen 2014/09/29 v1.1c Standard LaTeX ifthen package (DPC)
)
(C:\Users\apsaros\AppData\Local\Programs\MiKTeX\tex/latex/url\url.sty
\Urlmuskip=\muskip16
Package: url 2013/09/16  ver 3.4  Verb mode for urls, etc.
)
\c@tabx@nest=\count188
\c@listtotal=\count189
\c@listcount=\count190
\c@liststart=\count191
\c@liststop=\count192
\c@citecount=\count193
\c@citetotal=\count194
\c@multicitecount=\count195
\c@multicitetotal=\count196
\c@instcount=\count197
\c@maxnames=\count198
\c@minnames=\count199
\c@maxitems=\count266
\c@minitems=\count267
\c@citecounter=\count268
\c@maxcitecounter=\count269
\c@savedcitecounter=\count270
\c@uniquelist=\count271
\c@uniquename=\count272
\c@refsection=\count273
\c@refsegment=\count274
\c@maxextratitle=\count275
\c@maxextratitleyear=\count276
\c@maxextraname=\count277
\c@maxextradate=\count278
\c@maxextraalpha=\count279
\c@abbrvpenalty=\count280
\c@highnamepenalty=\count281
\c@lownamepenalty=\count282
\c@maxparens=\count283
\c@parenlevel=\count284
\blx@tempcnta=\count285
\blx@tempcntb=\count286
\blx@tempcntc=\count287
\blx@maxsection=\count288
\blx@maxsegment@0=\count289
\blx@notetype=\count290
\blx@parenlevel@text=\count291
\blx@parenlevel@foot=\count292
\blx@sectionciteorder@0=\count293
\blx@entrysetcounter=\count294
\labelnumberwidth=\skip49
\labelalphawidth=\skip50
\biblabelsep=\skip51
\bibitemsep=\skip52
\bibnamesep=\skip53
\bibinitsep=\skip54
\bibparsep=\skip55
\bibhang=\skip56
\blx@bcfin=\read2
\blx@bcfout=\write3
\blx@langwohyphens=\language79
\c@mincomprange=\count295
\c@maxcomprange=\count296
\c@mincompwidth=\count297
Package biblatex Info: Trying to load biblatex default data model...
Package biblatex Info: ... file 'blx-dm.def' found.

(C:\Users\apsaros\AppData\Local\Programs\MiKTeX\tex/latex/biblatex\blx-dm.def
File: blx-dm.def 2019/12/01 v3.14 biblatex localization (PK/MW)
)
Package biblatex Info: Trying to load biblatex style data model...
Package biblatex Info: ... file 'authoryear-comp.dbx' not found.
Package biblatex Info: Trying to load biblatex custom data model...
Package biblatex Info: ... file 'biblatex-dm.cfg' not found.
\c@afterword=\count298
\c@savedafterword=\count299
\c@annotator=\count300
\c@savedannotator=\count301
\c@author=\count302
\c@savedauthor=\count303
\c@bookauthor=\count304
\c@savedbookauthor=\count305
\c@commentator=\count306
\c@savedcommentator=\count307
\c@editor=\count308
\c@savededitor=\count309
\c@editora=\count310
\c@savededitora=\count311
\c@editorb=\count312
\c@savededitorb=\count313
\c@editorc=\count314
\c@savededitorc=\count315
\c@foreword=\count316
\c@savedforeword=\count317
\c@holder=\count318
\c@savedholder=\count319
\c@introduction=\count320
\c@savedintroduction=\count321
\c@namea=\count322
\c@savednamea=\count323
\c@nameb=\count324
\c@savednameb=\count325
\c@namec=\count326
\c@savednamec=\count327
\c@translator=\count328
\c@savedtranslator=\count329
\c@shortauthor=\count330
\c@savedshortauthor=\count331
\c@shorteditor=\count332
\c@savedshorteditor=\count333
\c@labelname=\count334
\c@savedlabelname=\count335
\c@institution=\count336
\c@savedinstitution=\count337
\c@lista=\count338
\c@savedlista=\count339
\c@listb=\count340
\c@savedlistb=\count341
\c@listc=\count342
\c@savedlistc=\count343
\c@listd=\count344
\c@savedlistd=\count345
\c@liste=\count346
\c@savedliste=\count347
\c@listf=\count348
\c@savedlistf=\count349
\c@location=\count350
\c@savedlocation=\count351
\c@organization=\count352
\c@savedorganization=\count353
\c@origlocation=\count354
\c@savedoriglocation=\count355
\c@origpublisher=\count356
\c@savedorigpublisher=\count357
\c@publisher=\count358
\c@savedpublisher=\count359
\c@language=\count360
\c@savedlanguage=\count361
\c@origlanguage=\count362
\c@savedoriglanguage=\count363
\c@pageref=\count364
\c@savedpageref=\count365
\shorthandwidth=\skip57
\shortjournalwidth=\skip58
\shortserieswidth=\skip59
\shorttitlewidth=\skip60
\shortauthorwidth=\skip61
\shorteditorwidth=\skip62
\locallabelnumberwidth=\skip63
\locallabelalphawidth=\skip64
\localshorthandwidth=\skip65
\localshortjournalwidth=\skip66
\localshortserieswidth=\skip67
\localshorttitlewidth=\skip68
\localshortauthorwidth=\skip69
\localshorteditorwidth=\skip70
Package biblatex Info: Trying to load compatibility code...
Package biblatex Info: ... file 'blx-compat.def' found.

(C:\Users\apsaros\AppData\Local\Programs\MiKTeX\tex/latex/biblatex\blx-compat.d
ef
File: blx-compat.def 2019/12/01 v3.14 biblatex compatibility (PK/MW)
)
Package biblatex Info: Trying to load BibTeX backend compatibility...
Package biblatex Info: ... file 'blx-bibtex.def' found.

(C:\Users\apsaros\AppData\Local\Programs\MiKTeX\tex/latex/biblatex\blx-bibtex.d
ef
File: blx-bibtex.def 2019/12/01 v3.14 biblatex compatibility (PK/MW)


Package biblatex Warning: Using fall-back BibTeX(8) backend:
(biblatex)                functionality may be reduced/unavailable.

)
Package biblatex Info: Trying to load generic definitions...
Package biblatex Info: ... file 'biblatex.def' found.

(C:\Users\apsaros\AppData\Local\Programs\MiKTeX\tex/latex/biblatex\biblatex.def
File: biblatex.def 2019/12/01 v3.14 biblatex compatibility (PK/MW)
\c@textcitecount=\count366
\c@textcitetotal=\count367
\c@textcitemaxnames=\count368
\c@biburlbigbreakpenalty=\count369
\c@biburlbreakpenalty=\count370
\c@biburlnumpenalty=\count371
\c@biburlucpenalty=\count372
\c@biburllcpenalty=\count373
\biburlbigskip=\muskip17
\biburlnumskip=\muskip18
\biburlucskip=\muskip19
\biburllcskip=\muskip20
\c@smartand=\count374
)
Package biblatex Info: Trying to load natbib compatibility...
Package biblatex Info: ... file 'blx-natbib.def' found.

(C:\Users\apsaros\AppData\Local\Programs\MiKTeX\tex/latex/biblatex\blx-natbib.d
ef
File: blx-natbib.def 2019/12/01 v3.14 biblatex compatibility (PK/MW)
Package biblatex Info: Delimiter 'nameyeardelim' in context '' already defined,
 overwriting.
)
Package biblatex Info: Trying to load bibliography style 'authoryear-comp'...
Package biblatex Info: ... file 'authoryear-comp.bbx' found.

(C:\Users\apsaros\AppData\Local\Programs\MiKTeX\tex/latex/biblatex/bbx\authorye
ar-comp.bbx
File: authoryear-comp.bbx 2019/12/01 v3.14 biblatex bibliography style (PK/MW)
Package biblatex Info: Trying to load bibliography style 'authoryear'...
Package biblatex Info: ... file 'authoryear.bbx' found.

(C:\Users\apsaros\AppData\Local\Programs\MiKTeX\tex/latex/biblatex/bbx\authorye
ar.bbx
File: authoryear.bbx 2019/12/01 v3.14 biblatex bibliography style (PK/MW)
Package biblatex Info: Trying to load bibliography style 'standard'...
Package biblatex Info: ... file 'standard.bbx' found.

(C:\Users\apsaros\AppData\Local\Programs\MiKTeX\tex/latex/biblatex/bbx\standard
.bbx
File: standard.bbx 2019/12/01 v3.14 biblatex bibliography style (PK/MW)
\c@bbx:relatedcount=\count375
\c@bbx:relatedtotal=\count376
)))
Package biblatex Info: Trying to load citation style 'authoryear-comp'...
Package biblatex Info: ... file 'authoryear-comp.cbx' found.

(C:\Users\apsaros\AppData\Local\Programs\MiKTeX\tex/latex/biblatex/cbx\authorye
ar-comp.cbx
File: authoryear-comp.cbx 2019/12/01 v3.14 biblatex citation style (PK/MW)
Package biblatex Info: Redefining '\cite'.
Package biblatex Info: Redefining '\parencite'.
Package biblatex Info: Redefining '\footcite'.
Package biblatex Info: Redefining '\footcitetext'.
Package biblatex Info: Redefining '\smartcite'.
Package biblatex Info: Redefining '\textcite'.
Package biblatex Info: Redefining '\textcites'.
Package biblatex Info: Redefining '\cites'.
Package biblatex Info: Redefining '\parencites'.
Package biblatex Info: Redefining '\footcites'.
Package biblatex Info: Redefining '\footcitetexts'.
Package biblatex Info: Redefining '\smartcites'.
)
Package biblatex Info: Trying to load configuration file...
Package biblatex Info: ... file 'biblatex.cfg' found.

(C:\Users\apsaros\AppData\Local\Programs\MiKTeX\tex/latex/biblatex\biblatex.cfg
File: biblatex.cfg 
)

Package biblatex Warning: 'firstinits' option is deprecated.
(biblatex)                Please use 'giveninits' instead.

)
(C:\Users\apsaros\AppData\Local\Programs\MiKTeX\tex/latex/graphics\graphicx.sty
Package: graphicx 2019/11/30 v1.2a Enhanced LaTeX Graphics (DPC,SPQR)

(C:\Users\apsaros\AppData\Local\Programs\MiKTeX\tex/latex/graphics\graphics.sty
Package: graphics 2019/11/30 v1.4a Standard LaTeX Graphics (DPC,SPQR)
(C:\Users\apsaros\AppData\Local\Programs\MiKTeX\tex/latex/graphics\trig.sty
Package: trig 2016/01/03 v1.10 sin cos tan (DPC)
)
(C:\Users\apsaros\AppData\Local\Programs\MiKTeX\tex/latex/graphics-cfg\graphics
.cfg
File: graphics.cfg 2016/06/04 v1.11 sample graphics configuration
)
Package graphics Info: Driver file: pdftex.def on input line 105.

(C:\Users\apsaros\AppData\Local\Programs\MiKTeX\tex/latex/graphics-def\pdftex.d
ef
File: pdftex.def 2018/01/08 v1.0l Graphics/color driver for pdftex
))
\Gin@req@height=\dimen135
\Gin@req@width=\dimen136
)
(C:\Users\apsaros\AppData\Local\Programs\MiKTeX\tex/latex/epstopdf-pkg\epstopdf
.sty
Package: epstopdf 2020-01-24 v2.11 Conversion with epstopdf on the fly (HO)

(C:\Users\apsaros\AppData\Local\Programs\MiKTeX\tex/latex/grfext\grfext.sty
Package: grfext 2019/12/03 v1.3 Manage graphics extensions (HO)

(C:\Users\apsaros\AppData\Local\Programs\MiKTeX\tex/generic/kvdefinekeys\kvdefi
nekeys.sty
Package: kvdefinekeys 2019-12-19 v1.6 Define keys (HO)
))
(C:\Users\apsaros\AppData\Local\Programs\MiKTeX\tex/latex/epstopdf-pkg\epstopdf
-base.sty
Package: epstopdf-base 2020-01-24 v2.11 Base part for package epstopdf
Package epstopdf-base Info: Redefining graphics rule for `.eps' on input line 4
85.
Package grfext Info: Graphics extension search list:
(grfext)             [.pdf,.png,.jpg,.mps,.jpeg,.jbig2,.jb2,.PDF,.PNG,.JPG,.JPE
G,.JBIG2,.JB2,.eps]
(grfext)             \AppendGraphicsExtensions on input line 504.
))
(C:\Users\apsaros\AppData\Local\Programs\MiKTeX\tex/latex/calrsfs\calrsfs.sty
\symrsfscript=\mathgroup4
)
(C:\Users\apsaros\AppData\Local\Programs\MiKTeX\tex/latex/physics\physics.sty
Package: physics 

(C:\Users\apsaros\AppData\Local\Programs\MiKTeX\tex/latex/amsmath\amsmath.sty
Package: amsmath 2020/01/20 v2.17e AMS math features
\@mathmargin=\skip71

For additional information on amsmath, use the `?' option.
(C:\Users\apsaros\AppData\Local\Programs\MiKTeX\tex/latex/amsmath\amstext.sty
Package: amstext 2000/06/29 v2.01 AMS text

(C:\Users\apsaros\AppData\Local\Programs\MiKTeX\tex/latex/amsmath\amsgen.sty
File: amsgen.sty 1999/11/30 v2.0 generic functions
\@emptytoks=\toks17
\ex@=\dimen137
))
(C:\Users\apsaros\AppData\Local\Programs\MiKTeX\tex/latex/amsmath\amsbsy.sty
Package: amsbsy 1999/11/29 v1.2d Bold Symbols
\pmbraise@=\dimen138
)
(C:\Users\apsaros\AppData\Local\Programs\MiKTeX\tex/latex/amsmath\amsopn.sty
Package: amsopn 2016/03/08 v2.02 operator names
)
\inf@bad=\count377
LaTeX Info: Redefining \frac on input line 227.
\uproot@=\count378
\leftroot@=\count379
LaTeX Info: Redefining \overline on input line 389.
\classnum@=\count380
\DOTSCASE@=\count381
LaTeX Info: Redefining \ldots on input line 486.
LaTeX Info: Redefining \dots on input line 489.
LaTeX Info: Redefining \cdots on input line 610.
\Mathstrutbox@=\box46
\strutbox@=\box47
\big@size=\dimen139
LaTeX Font Info:    Redeclaring font encoding OML on input line 733.
LaTeX Font Info:    Redeclaring font encoding OMS on input line 734.
\macc@depth=\count382
\c@MaxMatrixCols=\count383
\dotsspace@=\muskip21
\c@parentequation=\count384
\dspbrk@lvl=\count385
\tag@help=\toks18
\row@=\count386
\column@=\count387
\maxfields@=\count388
\andhelp@=\toks19
\eqnshift@=\dimen140
\alignsep@=\dimen141
\tagshift@=\dimen142
\tagwidth@=\dimen143
\totwidth@=\dimen144
\lineht@=\dimen145
\@envbody=\toks20
\multlinegap=\skip72
\multlinetaggap=\skip73
\mathdisplay@stack=\toks21
LaTeX Info: Redefining \[ on input line 2859.
LaTeX Info: Redefining \] on input line 2860.
))
(C:\Users\apsaros\AppData\Local\Programs\MiKTeX\tex/latex/mathtools\mathtools.s
ty
Package: mathtools 2020/03/24 v1.24 mathematical typesetting tools
 (C:\Users\apsaros\AppData\Local\Programs\MiKTeX\tex/latex/tools\calc.sty
Package: calc 2017/05/25 v4.3 Infix arithmetic (KKT,FJ)
\calc@Acount=\count389
\calc@Bcount=\count390
\calc@Adimen=\dimen146
\calc@Bdimen=\dimen147
\calc@Askip=\skip74
\calc@Bskip=\skip75
LaTeX Info: Redefining \setlength on input line 80.
LaTeX Info: Redefining \addtolength on input line 81.
\calc@Ccount=\count391
\calc@Cskip=\skip76
)
(C:\Users\apsaros\AppData\Local\Programs\MiKTeX\tex/latex/mathtools\mhsetup.sty
Package: mhsetup 2017/03/31 v1.3 programming setup (MH)
)
LaTeX Info: Thecontrolsequence`\('isalreadyrobust on input line 130.
LaTeX Info: Thecontrolsequence`\)'isalreadyrobust on input line 130.
LaTeX Info: Thecontrolsequence`\['isalreadyrobust on input line 130.
LaTeX Info: Thecontrolsequence`\]'isalreadyrobust on input line 130.
\g_MT_multlinerow_int=\count392
\l_MT_multwidth_dim=\dimen148
\origjot=\skip77
\l_MT_shortvdotswithinadjustabove_dim=\dimen149
\l_MT_shortvdotswithinadjustbelow_dim=\dimen150
\l_MT_above_intertext_sep=\dimen151
\l_MT_below_intertext_sep=\dimen152
\l_MT_above_shortintertext_sep=\dimen153
\l_MT_below_shortintertext_sep=\dimen154
\xmathstrut@box=\box48
\xmathstrut@dim=\dimen155
)
(C:\Users\apsaros\AppData\Local\Programs\MiKTeX\tex/latex/amsfonts\amssymb.sty
Package: amssymb 2013/01/14 v3.01 AMS font symbols

(C:\Users\apsaros\AppData\Local\Programs\MiKTeX\tex/latex/amsfonts\amsfonts.sty
Package: amsfonts 2013/01/14 v3.01 Basic AMSFonts support
\symAMSa=\mathgroup5
\symAMSb=\mathgroup6
LaTeX Font Info:    Redeclaring math symbol \hbar on input line 98.
LaTeX Font Info:    Overwriting math alphabet `\mathfrak' in version `bold'
(Font)                  U/euf/m/n --> U/euf/b/n on input line 106.
))
(C:\Users\apsaros\AppData\Local\Programs\MiKTeX\tex/latex/tabulary\tabulary.sty
Package: tabulary 2014/06/11 v0.10 tabulary package (DPC)
(C:\Users\apsaros\AppData\Local\Programs\MiKTeX\tex/latex/tools\array.sty
Package: array 2019/08/31 v2.4l Tabular extension package (FMi)
\col@sep=\dimen156
\ar@mcellbox=\box49
\extrarowheight=\dimen157
\NC@list=\toks22
\extratabsurround=\skip78
\backup@length=\skip79
\ar@cellbox=\box50
)
\TY@count=\count393
\TY@linewidth=\dimen158
\tymin=\dimen159
\tymax=\dimen160
\TY@tablewidth=\dimen161
)
(C:\Users\apsaros\AppData\Local\Programs\MiKTeX\tex/latex/booktabs\booktabs.sty
Package: booktabs 2020/01/12 v1.61803398 Publication quality tables
\heavyrulewidth=\dimen162
\lightrulewidth=\dimen163
\cmidrulewidth=\dimen164
\belowrulesep=\dimen165
\belowbottomsep=\dimen166
\aboverulesep=\dimen167
\abovetopsep=\dimen168
\cmidrulesep=\dimen169
\cmidrulekern=\dimen170
\defaultaddspace=\dimen171
\@cmidla=\count394
\@cmidlb=\count395
\@aboverulesep=\dimen172
\@belowrulesep=\dimen173
\@thisruleclass=\count396
\@lastruleclass=\count397
\@thisrulewidth=\dimen174
)
(C:\Users\apsaros\AppData\Local\Programs\MiKTeX\tex/latex/hyperref\hyperref.sty
Package: hyperref 2020-05-15 v7.00e Hypertext links for LaTeX

(C:\Users\apsaros\AppData\Local\Programs\MiKTeX\tex/generic/pdfescape\pdfescape
.sty
Package: pdfescape 2019/12/09 v1.15 Implements pdfTeX's escape features (HO)
)
(C:\Users\apsaros\AppData\Local\Programs\MiKTeX\tex/latex/hycolor\hycolor.sty
Package: hycolor 2020-01-27 v1.10 Color options for hyperref/bookmark (HO)
)
(C:\Users\apsaros\AppData\Local\Programs\MiKTeX\tex/latex/letltxmacro\letltxmac
ro.sty
Package: letltxmacro 2019/12/03 v1.6 Let assignment for LaTeX macros (HO)
)
(C:\Users\apsaros\AppData\Local\Programs\MiKTeX\tex/latex/auxhook\auxhook.sty
Package: auxhook 2019-12-17 v1.6 Hooks for auxiliary files (HO)
)
\@linkdim=\dimen175
\Hy@linkcounter=\count398
\Hy@pagecounter=\count399

(C:\Users\apsaros\AppData\Local\Programs\MiKTeX\tex/latex/hyperref\pd1enc.def
File: pd1enc.def 2020-05-15 v7.00e Hyperref: PDFDocEncoding definition (HO)
Now handling font encoding PD1 ...
... no UTF-8 mapping file for font encoding PD1
)
(C:\Users\apsaros\AppData\Local\Programs\MiKTeX\tex/generic/intcalc\intcalc.sty
Package: intcalc 2019/12/15 v1.3 Expandable calculations with integers (HO)
)
(C:\Users\apsaros\AppData\Local\Programs\MiKTeX\tex/generic/etexcmds\etexcmds.s
ty
Package: etexcmds 2019/12/15 v1.7 Avoid name clashes with e-TeX commands (HO)
)
\Hy@SavedSpaceFactor=\count400
Package hyperref Info: Hyper figures OFF on input line 4464.
Package hyperref Info: Link nesting OFF on input line 4469.
Package hyperref Info: Hyper index ON on input line 4472.
Package hyperref Info: Plain pages OFF on input line 4479.
Package hyperref Info: Backreferencing OFF on input line 4484.
Package hyperref Info: Implicit mode ON; LaTeX internals redefined.
Package hyperref Info: Bookmarks ON on input line 4717.
\c@Hy@tempcnt=\count401
LaTeX Info: Redefining \url on input line 5076.
\XeTeXLinkMargin=\dimen176

(C:\Users\apsaros\AppData\Local\Programs\MiKTeX\tex/generic/bitset\bitset.sty
Package: bitset 2019/12/09 v1.3 Handle bit-vector datatype (HO)

(C:\Users\apsaros\AppData\Local\Programs\MiKTeX\tex/generic/bigintcalc\bigintca
lc.sty
Package: bigintcalc 2019/12/15 v1.5 Expandable calculations on big integers (HO
)
))
\Fld@menulength=\count402
\Field@Width=\dimen177
\Fld@charsize=\dimen178
Package hyperref Info: Hyper figures OFF on input line 6347.
Package hyperref Info: Link nesting OFF on input line 6352.
Package hyperref Info: Hyper index ON on input line 6355.
Package hyperref Info: backreferencing OFF on input line 6362.
Package hyperref Info: Link coloring OFF on input line 6367.
Package hyperref Info: Link coloring with OCG OFF on input line 6372.
Package hyperref Info: PDF/A mode OFF on input line 6377.
LaTeX Info: Redefining \ref on input line 6417.
LaTeX Info: Redefining \pageref on input line 6421.

(C:\Users\apsaros\AppData\Local\Programs\MiKTeX\tex/generic/atbegshi\atbegshi.s
ty
Package: atbegshi 2019/12/05 v1.19 At begin shipout hook (HO)
)
\Hy@abspage=\count403
\c@Item=\count404
\c@Hfootnote=\count405
)
Package hyperref Info: Driver (autodetected): hpdftex.

(C:\Users\apsaros\AppData\Local\Programs\MiKTeX\tex/latex/hyperref\hpdftex.def
File: hpdftex.def 2020-05-15 v7.00e Hyperref driver for pdfTeX

(C:\Users\apsaros\AppData\Local\Programs\MiKTeX\tex/latex/atveryend\atveryend.s
ty
Package: atveryend 2019-12-11 v1.11 Hooks at the very end of document (HO)
)
\Fld@listcount=\count406
\c@bookmark@seq@number=\count407

(C:\Users\apsaros\AppData\Local\Programs\MiKTeX\tex/latex/rerunfilecheck\rerunf
ilecheck.sty
Package: rerunfilecheck 2019/12/05 v1.9 Rerun checks for auxiliary files (HO)

(C:\Users\apsaros\AppData\Local\Programs\MiKTeX\tex/generic/uniquecounter\uniqu
ecounter.sty
Package: uniquecounter 2019/12/15 v1.4 Provide unlimited unique counter (HO)
)
Package uniquecounter Info: New unique counter `rerunfilecheck' on input line 2
86.
)
\Hy@SectionHShift=\skip80
)
(C:\Users\apsaros\AppData\Local\Programs\MiKTeX\tex/latex/geometry\geometry.sty
Package: geometry 2020/01/02 v5.9 Page Geometry
(C:\Users\apsaros\AppData\Local\Programs\MiKTeX\tex/generic/iftex\ifvtex.sty
Package: ifvtex 2019/10/25 v1.7 ifvtex legacy package. Use iftex instead.
)
\Gm@cnth=\count408
\Gm@cntv=\count409
\c@Gm@tempcnt=\count410
\Gm@bindingoffset=\dimen179
\Gm@wd@mp=\dimen180
\Gm@odd@mp=\dimen181
\Gm@even@mp=\dimen182
\Gm@layoutwidth=\dimen183
\Gm@layoutheight=\dimen184
\Gm@layouthoffset=\dimen185
\Gm@layoutvoffset=\dimen186
\Gm@dimlist=\toks23

(C:\Users\apsaros\AppData\Local\Programs\MiKTeX\tex/latex/geometry\geometry.cfg
))
(C:\Users\apsaros\AppData\Local\Programs\MiKTeX\tex/latex/blindtext\blindtext.s
ty
Package: blindtext 2012/01/06 V2.0 blindtext-Package
 (C:\Users\apsaros\AppData\Local\Programs\MiKTeX\tex/latex/tools\xspace.sty
Package: xspace 2014/10/28 v1.13 Space after command names (DPC,MH)
)
\c@blindtext=\count411
\c@Blindtext=\count412
\c@blind@countparstart=\count413
\blind@countxx=\count414
\blindtext@numBlindtext=\count415
\blind@countyy=\count416
\c@blindlist=\count417
\c@blindlistlevel=\count418
\c@blindlist@level=\count419
\blind@listitem=\count420
\c@blind@listcount=\count421
\c@blind@levelcount=\count422
\blind@mathformula=\count423
\blind@Mathformula=\count424
\c@blind@randomcount=\count425
\c@blind@randommax=\count426
\c@blind@pangramcount=\count427
\c@blind@pangrammax=\count428
)
(C:\Users\apsaros\AppData\Local\Programs\MiKTeX\tex/latex/ragged2e\ragged2e.sty
Package: ragged2e 2019/07/28 v2.2 ragged2e Package (MS)
(C:\Users\apsaros\AppData\Local\Programs\MiKTeX\tex/latex/ms\everysel.sty
Package: everysel 2011/10/28 v1.2 EverySelectfont Package (MS)
)
\CenteringLeftskip=\skip81
\RaggedLeftLeftskip=\skip82
\RaggedRightLeftskip=\skip83
\CenteringRightskip=\skip84
\RaggedLeftRightskip=\skip85
\RaggedRightRightskip=\skip86
\CenteringParfillskip=\skip87
\RaggedLeftParfillskip=\skip88
\RaggedRightParfillskip=\skip89
\JustifyingParfillskip=\skip90
\CenteringParindent=\skip91
\RaggedLeftParindent=\skip92
\RaggedRightParindent=\skip93
\JustifyingParindent=\skip94
)
(C:\Users\apsaros\AppData\Local\Programs\MiKTeX\tex/latex/float\float.sty
Package: float 2001/11/08 v1.3d Float enhancements (AL)
\c@float@type=\count429
\float@exts=\toks24
\float@box=\box51
\@float@everytoks=\toks25
\@floatcapt=\box52
)
(C:\Users\apsaros\AppData\Local\Programs\MiKTeX\tex/latex/mathtools\empheq.sty
Package: empheq 2017/03/31 v2.15 Emphasizing equations
\l_EQ_equationtype_int=\count430
\l_EQ_alignmentmode_int=\count431
\l_EQ_totalwidth_dim=\dimen187
\l_EQ_displaywidth_dim=\dimen188
\l_EQ_temp_linewidth_dim=\dimen189
\l_EQ_linewidth_dim=\dimen190
\EmphEqdelimitershortfall=\dimen191
\EmphEqdelimiterfactor=\count432
\g_EQ_toptag_height_dim=\dimen192
\g_EQ_bottomtag_depth_dim=\dimen193
\g_EQ_toprow_height_dim=\dimen194
\g_EQ_bottomrow_depth_dim=\dimen195
\g_EQ_widesttag_dim=\dimen196
\EQ_mathdisplay_box=\box53
\EQ_tag_box=\box54
\g_EQ_temprow_int=\count433
)
Package hyperref Info: Option `colorlinks' set `true' on input line 152.
(C:\Users\apsaros\AppData\Local\Programs\MiKTeX\tex/latex/caption\caption.sty
Package: caption 2020/05/30 v3.4k Customizing captions (AR)

(C:\Users\apsaros\AppData\Local\Programs\MiKTeX\tex/latex/caption\caption3.sty
Package: caption3 2020/05/30 v1.12 caption3 kernel (AR)
Package caption3 Info: TeX engine: e-TeX on input line 61.
\captionmargin=\dimen197
\captionmargin@=\dimen198
\captionwidth=\dimen199
\caption@tempdima=\dimen256
\caption@indent=\dimen257
\caption@parindent=\dimen258
\caption@hangindent=\dimen259
Package caption Info: Standard document class detected.
)
\c@caption@flags=\count434
\c@continuedfloat=\count435
Package caption Info: float package is loaded.
Package caption Info: hyperref package is loaded.
) (C:\Users\apsaros\AppData\Local\Programs\MiKTeX\tex/latex/tools\longtable.sty
Package: longtable 2020/01/07 v4.13 Multi-page Table package (DPC)
\LTleft=\skip95
\LTright=\skip96
\LTpre=\skip97
\LTpost=\skip98
\LTchunksize=\count436
\LTcapwidth=\dimen260
\LT@head=\box55
\LT@firsthead=\box56
\LT@foot=\box57
\LT@lastfoot=\box58
\LT@cols=\count437
\LT@rows=\count438
\c@LT@tables=\count439
\c@LT@chunks=\count440
\LT@p@ftn=\toks26
) (C:\Users\apsaros\AppData\Local\Programs\MiKTeX\tex/latex/xcolor\xcolor.sty
Package: xcolor 2016/05/11 v2.12 LaTeX color extensions (UK)

(C:\Users\apsaros\AppData\Local\Programs\MiKTeX\tex/latex/graphics-cfg\color.cf
g
File: color.cfg 2016/01/02 v1.6 sample color configuration
)
Package xcolor Info: Driver file: pdftex.def on input line 225.
Package xcolor Info: Model `cmy' substituted by `cmy0' on input line 1348.
Package xcolor Info: Model `hsb' substituted by `rgb' on input line 1352.
Package xcolor Info: Model `RGB' extended on input line 1364.
Package xcolor Info: Model `HTML' substituted by `rgb' on input line 1366.
Package xcolor Info: Model `Hsb' substituted by `hsb' on input line 1367.
Package xcolor Info: Model `tHsb' substituted by `hsb' on input line 1368.
Package xcolor Info: Model `HSB' substituted by `hsb' on input line 1369.
Package xcolor Info: Model `Gray' substituted by `gray' on input line 1370.
Package xcolor Info: Model `wave' substituted by `hsb' on input line 1371.
)
(C:\Users\apsaros\AppData\Local\Programs\MiKTeX\tex/latex/comment\comment.sty
\CommentStream=\write4

Excluding comment 'comment')
(C:\Users\apsaros\AppData\Local\Programs\MiKTeX\tex/latex/enumitem\enumitem.sty
Package: enumitem 2019/06/20 v3.9 Customized lists
\labelindent=\skip99
\enit@outerparindent=\dimen261
\enit@toks=\toks27
\enit@inbox=\box59
\enit@count@id=\count441
\enitdp@description=\count442
) (C:\Users\apsaros\AppData\Local\Programs\MiKTeX\tex/latex/wrapfig\wrapfig.sty
\wrapoverhang=\dimen262
\WF@size=\dimen263
\c@WF@wrappedlines=\count443
\WF@box=\box60
\WF@everypar=\toks28
Package: wrapfig 2003/01/31  v 3.6
)
(C:\Users\apsaros\AppData\Local\Programs\MiKTeX\tex/latex/titlesec\titlesec.sty
Package: titlesec 2019/10/16 v2.13 Sectioning titles
\ttl@box=\box61
\beforetitleunit=\skip100
\aftertitleunit=\skip101
\ttl@plus=\dimen264
\ttl@minus=\dimen265
\ttl@toksa=\toks29
\titlewidth=\dimen266
\titlewidthlast=\dimen267
\titlewidthfirst=\dimen268
)
(C:\Users\apsaros\AppData\Local\Programs\MiKTeX\tex/latex/caption\subcaption.st
y
Package: subcaption 2020/01/22 v1.3d Sub-captions (AR)
\c@subfigure=\count444
\c@subtable=\count445
) (C:\Users\apsaros\AppData\Local\Programs\MiKTeX\tex/latex/bbm\bbm.sty
Package: bbm 1999/03/15 V 1.2 provides fonts for set symbols - TH
LaTeX Font Info:    Overwriting math alphabet `\mathbbm' in version `bold'
(Font)                  U/bbm/m/n --> U/bbm/bx/n on input line 33.
LaTeX Font Info:    Overwriting math alphabet `\mathbbmss' in version `bold'
(Font)                  U/bbmss/m/n --> U/bbmss/bx/n on input line 35.
)
(C:\Users\apsaros\AppData\Local\Programs\MiKTeX\tex/latex/tools\tabularx.sty
Package: tabularx 2020/01/15 v2.11c `tabularx' package (DPC)
\TX@col@width=\dimen269
\TX@old@table=\dimen270
\TX@old@col=\dimen271
\TX@target=\dimen272
\TX@delta=\dimen273
\TX@cols=\count446
\TX@ftn=\toks30
)
(C:\Users\apsaros\AppData\Local\Programs\MiKTeX\tex/latex/tools\indentfirst.sty
Package: indentfirst 1995/11/23 v1.03 Indent first paragraph (DPC)
)) (C:\Users\apsaros\AppData\Local\Programs\MiKTeX\tex/generic/babel\babel.sty
Package: babel 2020/06/10 3.45 The Babel package

(C:\Users\apsaros\AppData\Local\Programs\MiKTeX\tex/generic/babel\babel.def
File: babel.def 2020/06/10 3.45 Babel common definitions
\babel@savecnt=\count447
\U@D=\dimen274
\l@babelnohyphens=\language80

(C:\Users\apsaros\AppData\Local\Programs\MiKTeX\tex/generic/babel\txtbabel.def)
\bbl@readstream=\read3
)
\bbl@dirlevel=\count448

*************************************
* Local config file bblopts.cfg used
*
(C:\Users\apsaros\AppData\Local\Programs\MiKTeX\tex/latex/arabi\bblopts.cfg
File: bblopts.cfg 2005/09/08 v0.1 add Arabic and Farsi to "declared" options of
 babel
)
(C:\Users\apsaros\AppData\Local\Programs\MiKTeX\tex/latex/babel-english\english
.ldf
Language: english 2017/06/06 v3.3r English support from the babel system
Package babel Info: \l@canadian = using hyphenrules for english
(babel)             (\language0) on input line 102.
Package babel Info: \l@australian = using hyphenrules for ukenglish
(babel)             (\language73) on input line 105.
Package babel Info: \l@newzealand = using hyphenrules for ukenglish
(babel)             (\language73) on input line 108.
))
Package csquotes Info: Checking for multilingual support...
Package csquotes Info: ... found 'babel' package.
Package csquotes Info: Adjusting default style.
Package csquotes Info: Redefining alias 'default' -> 'english'.


Package biblatex Warning: Conflicting options.
(biblatex)                '<namepart>inits' conflicts with 'uniquename=full'.
(biblatex)                Setting 'uniquename=init' on input line 9.

(main.aux

LaTeX Warning: Label `fig:sub-second' multiply defined.


LaTeX Warning: Label `sub@fig:sub-second' multiply defined.


LaTeX Warning: Label `fig:sub-first' multiply defined.


LaTeX Warning: Label `fig:sub-first' multiply defined.


LaTeX Warning: Label `sub@fig:sub-first' multiply defined.


LaTeX Warning: Label `fig:sub-second' multiply defined.


LaTeX Warning: Label `sub@fig:sub-second' multiply defined.


LaTeX Warning: Label `fig:sub-second' multiply defined.


LaTeX Warning: Label `sub@fig:sub-second' multiply defined.


LaTeX Warning: Label `fig:fig' multiply defined.


LaTeX Warning: Label `fig:sub-first' multiply defined.


LaTeX Warning: Label `sub@fig:sub-first' multiply defined.


LaTeX Warning: Label `fig:sub-second' multiply defined.


LaTeX Warning: Label `sub@fig:sub-second' multiply defined.


LaTeX Warning: Label `fig:sub-second' multiply defined.


LaTeX Warning: Label `sub@fig:sub-second' multiply defined.


LaTeX Warning: Label `fig:fig' multiply defined.


LaTeX Warning: Label `fig:sub-first' multiply defined.


LaTeX Warning: Label `sub@fig:sub-first' multiply defined.


LaTeX Warning: Label `fig:sub-second' multiply defined.


LaTeX Warning: Label `sub@fig:sub-second' multiply defined.


LaTeX Warning: Label `' multiply defined.


LaTeX Warning: Label `' multiply defined.


LaTeX Warning: Label `' multiply defined.


LaTeX Warning: Label `' multiply defined.

)
\openout1 = `main.aux'.

LaTeX Font Info:    Checking defaults for OML/cmm/m/it on input line 9.
LaTeX Font Info:    ... okay on input line 9.
LaTeX Font Info:    Checking defaults for OMS/cmsy/m/n on input line 9.
LaTeX Font Info:    ... okay on input line 9.
LaTeX Font Info:    Checking defaults for OT1/cmr/m/n on input line 9.
LaTeX Font Info:    ... okay on input line 9.
LaTeX Font Info:    Checking defaults for T1/cmr/m/n on input line 9.
LaTeX Font Info:    ... okay on input line 9.
LaTeX Font Info:    Checking defaults for TS1/cmr/m/n on input line 9.
LaTeX Font Info:    ... okay on input line 9.
LaTeX Font Info:    Checking defaults for OMX/cmex/m/n on input line 9.
LaTeX Font Info:    ... okay on input line 9.
LaTeX Font Info:    Checking defaults for U/cmr/m/n on input line 9.
LaTeX Font Info:    ... okay on input line 9.
LaTeX Font Info:    Checking defaults for PD1/pdf/m/n on input line 9.
LaTeX Font Info:    ... okay on input line 9.
Package biblatex Info: Trying to load language 'english'...
Package biblatex Info: ... file 'english.lbx' found.

(C:\Users\apsaros\AppData\Local\Programs\MiKTeX\tex/latex/biblatex/lbx\english.
lbx
File: english.lbx 2019/12/01 v3.14 biblatex localization (PK/MW)
)
Package biblatex Info: Input encoding 'utf8' detected.
Package biblatex Info: Automatic encoding selection.
(biblatex)             Assuming data encoding 'utf8'.
Package biblatex Info: Input encoding 'utf8' specified.
Package biblatex Info: Data encoding 'utf8' specified.
(biblatex)             No need to reencode data.
\openout3 = `main-blx.bib'.

Package biblatex Info: Trying to load bibliographic data...
Package biblatex Info: ... file 'main.bbl' found.
 (main.bbl

Package biblatex Warning: BibTeX reported the following issues
(biblatex)                with 'huang2017snapshot':
(biblatex)                - Can't use 'eprinttype' + 'archiveprefix'.


Package biblatex Warning: BibTeX reported the following issues
(biblatex)                with 'loshchilov2016sgdr':
(biblatex)                - Can't use 'eprinttype' + 'archiveprefix'.

)
Package biblatex Info: Reference section=0 on input line 9.
Package biblatex Info: Reference segment=0 on input line 9.

(C:\Users\apsaros\AppData\Local\Programs\MiKTeX\tex/context/base/mkii\supp-pdf.
mkii
[Loading MPS to PDF converter (version 2006.09.02).]
\scratchcounter=\count449
\scratchdimen=\dimen275
\scratchbox=\box62
\nofMPsegments=\count450
\nofMParguments=\count451
\everyMPshowfont=\toks31
\MPscratchCnt=\count452
\MPscratchDim=\dimen276
\MPnumerator=\count453
\makeMPintoPDFobject=\count454
\everyMPtoPDFconversion=\toks32
)
\AtBeginShipoutBox=\box63
Package hyperref Info: Link coloring ON on input line 9.

(C:\Users\apsaros\AppData\Local\Programs\MiKTeX\tex/latex/hyperref\nameref.sty
Package: nameref 2019/09/16 v2.46 Cross-referencing by name of section

(C:\Users\apsaros\AppData\Local\Programs\MiKTeX\tex/latex/refcount\refcount.sty
Package: refcount 2019/12/15 v3.6 Data extraction from label references (HO)
)
(C:\Users\apsaros\AppData\Local\Programs\MiKTeX\tex/generic/gettitlestring\gett
itlestring.sty
Package: gettitlestring 2019/12/15 v1.6 Cleanup title references (HO)
)
\c@section@level=\count455
)
LaTeX Info: Redefining \ref on input line 9.
LaTeX Info: Redefining \pageref on input line 9.
LaTeX Info: Redefining \nameref on input line 9.
 (main.out) (main.out)
\@outlinefile=\write5
\openout5 = `main.out'.


*geometry* driver: auto-detecting
*geometry* detected driver: pdftex
*geometry* verbose mode - [ preamble ] result:
* driver: pdftex
* paper: a4paper
* layout: <same size as paper>
* layoutoffset:(h,v)=(0.0pt,0.0pt)
* modes: 
* h-part:(L,W,R)=(108.12047pt, 381.26692pt, 108.12048pt)
* v-part:(T,H,B)=(99.58464pt, 640.187pt, 105.2752pt)
* \paperwidth=597.50787pt
* \paperheight=845.04684pt
* \textwidth=381.26692pt
* \textheight=640.187pt
* \oddsidemargin=35.85048pt
* \evensidemargin=35.85048pt
* \topmargin=-20.82034pt
* \headheight=12.0pt
* \headsep=36.135pt
* \topskip=10.0pt
* \footskip=30.0pt
* \marginparwidth=65.0pt
* \marginparsep=11.0pt
* \columnsep=10.0pt
* \skip\footins=9.0pt plus 4.0pt minus 2.0pt
* \hoffset=0.0pt
* \voffset=0.0pt
* \mag=1000
* \@twocolumnfalse
* \@twosidefalse
* \@mparswitchfalse
* \@reversemarginfalse
* (1in=72.27pt=25.4mm, 1cm=28.453pt)

ABD: EverySelectfont initializing macros
LaTeX Info: Redefining \selectfont on input line 9.
Package caption Info: Begin \AtBeginDocument code.
Package caption Info: longtable package is loaded.

(C:\Users\apsaros\AppData\Local\Programs\MiKTeX\tex/latex/caption\ltcaption.sty
Package: ltcaption 2020/05/30 v1.4b longtable captions (AR)
)
Package caption Info: wrapfig package is loaded.
Package caption Info: End \AtBeginDocument code.
 [1



{C:/Users/apsaros/AppData/Local/MiKTeX/pdftex/config/pdftex.map}]
<./figs/learning_schedule.png, id=45, 361.35pt x 289.08pt>
File: ./figs/learning_schedule.png Graphic file (type png)
<use ./figs/learning_schedule.png>
Package pdftex.def Info: ./figs/learning_schedule.png  used on input line 56.
(pdftex.def)             Requested size: 228.76247pt x 183.01237pt.
 [2 <./figs/learning_schedule.png>]
LaTeX Font Info:    Trying to load font information for OMS+rsfs on input line 
65.

(C:\Users\apsaros\AppData\Local\Programs\MiKTeX\tex/latex/calrsfs\omsrsfs.fd)
LaTeX Font Info:    Trying to load font information for U+msa on input line 65.


(C:\Users\apsaros\AppData\Local\Programs\MiKTeX\tex/latex/amsfonts\umsa.fd
File: umsa.fd 2013/01/14 v3.01 AMS symbols A
)
LaTeX Font Info:    Trying to load font information for U+msb on input line 65.


(C:\Users\apsaros\AppData\Local\Programs\MiKTeX\tex/latex/amsfonts\umsb.fd
File: umsb.fd 2013/01/14 v3.01 AMS symbols B
)
<./figs/datapoints.png, id=57, 433.62pt x 289.08pt>
File: ./figs/datapoints.png Graphic file (type png)
<use ./figs/datapoints.png>
Package pdftex.def Info: ./figs/datapoints.png  used on input line 74.
(pdftex.def)             Requested size: 266.88568pt x 177.93091pt.

[3 <./figs/datapoints.png>]
<./figs/sm_rep_fun.png, id=70, 433.62pt x 289.08pt>
File: ./figs/sm_rep_fun.png Graphic file (type png)
<use ./figs/sm_rep_fun.png>
Package pdftex.def Info: ./figs/sm_rep_fun.png  used on input line 150.
(pdftex.def)             Requested size: 171.56894pt x 114.38162pt.
<./figs/sm_rep_err.png, id=71, 433.62pt x 289.08pt>
File: ./figs/sm_rep_err.png Graphic file (type png)
<use ./figs/sm_rep_err.png>
Package pdftex.def Info: ./figs/sm_rep_err.png  used on input line 155.
(pdftex.def)             Requested size: 171.56894pt x 114.38162pt.
<./figs/snap_rep_fun.png, id=72, 433.62pt x 289.08pt>
File: ./figs/snap_rep_fun.png Graphic file (type png)
<use ./figs/snap_rep_fun.png>
Package pdftex.def Info: ./figs/snap_rep_fun.png  used on input line 160.
(pdftex.def)             Requested size: 171.56894pt x 114.38162pt.
<./figs/snap_rep_err.png, id=73, 433.62pt x 289.08pt>
File: ./figs/snap_rep_err.png Graphic file (type png)
<use ./figs/snap_rep_err.png>
Package pdftex.def Info: ./figs/snap_rep_err.png  used on input line 166.
(pdftex.def)             Requested size: 171.56894pt x 114.38162pt.

Underfull \hbox (badness 10000) in paragraph at lines 167--167

 []

<./figs/ens_rep_fun.png, id=74, 433.62pt x 289.08pt>
File: ./figs/ens_rep_fun.png Graphic file (type png)
<use ./figs/ens_rep_fun.png>
Package pdftex.def Info: ./figs/ens_rep_fun.png  used on input line 171.
(pdftex.def)             Requested size: 171.56894pt x 114.38162pt.
<./figs/ens_rep_err.png, id=75, 433.62pt x 289.08pt>
File: ./figs/ens_rep_err.png Graphic file (type png)
<use ./figs/ens_rep_err.png>
Package pdftex.def Info: ./figs/ens_rep_err.png  used on input line 178.
(pdftex.def)             Requested size: 171.56894pt x 114.38162pt.

Underfull \hbox (badness 10000) in paragraph at lines 148--181
[][] []
 []


Underfull \hbox (badness 10000) in paragraph at lines 148--181
[] []
 []

[4]
<./figs/mcdrop_01_rep_fun.png, id=80, 433.62pt x 289.08pt>
File: ./figs/mcdrop_01_rep_fun.png Graphic file (type png)
<use ./figs/mcdrop_01_rep_fun.png>
Package pdftex.def Info: ./figs/mcdrop_01_rep_fun.png  used on input line 187.
(pdftex.def)             Requested size: 171.56894pt x 114.38162pt.
<./figs/mcdrop_01_err.png, id=81, 433.62pt x 289.08pt>
File: ./figs/mcdrop_01_err.png Graphic file (type png)
<use ./figs/mcdrop_01_err.png>
Package pdftex.def Info: ./figs/mcdrop_01_err.png  used on input line 192.
(pdftex.def)             Requested size: 171.56894pt x 114.38162pt.
<./figs/mcdrop_001_rep_fun.png, id=82, 433.62pt x 289.08pt>
File: ./figs/mcdrop_001_rep_fun.png Graphic file (type png)
<use ./figs/mcdrop_001_rep_fun.png>
Package pdftex.def Info: ./figs/mcdrop_001_rep_fun.png  used on input line 197.

(pdftex.def)             Requested size: 171.56894pt x 114.38162pt.
<./figs/mcdrop_001_err.png, id=83, 433.62pt x 289.08pt>
File: ./figs/mcdrop_001_err.png Graphic file (type png)
<use ./figs/mcdrop_001_err.png>
Package pdftex.def Info: ./figs/mcdrop_001_err.png  used on input line 203.
(pdftex.def)             Requested size: 171.56894pt x 114.38162pt.

Underfull \hbox (badness 10000) in paragraph at lines 185--206
[]$[]$ $[]$
 []

[5 <./figs/sm_rep_fun.png> <./figs/sm_rep_err.png> <./figs/snap_rep_fun.png> <.
/figs/snap_rep_err.png> <./figs/ens_rep_fun.png> <./figs/ens_rep_err.png>]
<./figs/sm_rep_loss_plot.png, id=98, 462.528pt x 346.896pt>
File: ./figs/sm_rep_loss_plot.png Graphic file (type png)
<use ./figs/sm_rep_loss_plot.png>
Package pdftex.def Info: ./figs/sm_rep_loss_plot.png  used on input line 213.
(pdftex.def)             Requested size: 171.56894pt x 128.67767pt.
<./figs/snap_rep_loss_plot.png, id=99, 462.528pt x 346.896pt>
File: ./figs/snap_rep_loss_plot.png Graphic file (type png)
<use ./figs/snap_rep_loss_plot.png>
Package pdftex.def Info: ./figs/snap_rep_loss_plot.png  used on input line 218.

(pdftex.def)             Requested size: 171.56894pt x 128.67767pt.
<./figs/mcdrop_001_std.png, id=100, 433.62pt x 289.08pt>
File: ./figs/mcdrop_001_std.png Graphic file (type png)
<use ./figs/mcdrop_001_std.png>
Package pdftex.def Info: ./figs/mcdrop_001_std.png  used on input line 227.
(pdftex.def)             Requested size: 171.56894pt x 114.38162pt.
File: ./figs/mcdrop_001_err.png Graphic file (type png)
<use ./figs/mcdrop_001_err.png>
Package pdftex.def Info: ./figs/mcdrop_001_err.png  used on input line 232.
(pdftex.def)             Requested size: 171.56894pt x 114.38162pt.
<./figs/snap_rep_std.png, id=101, 433.62pt x 289.08pt>
File: ./figs/snap_rep_std.png Graphic file (type png)
<use ./figs/snap_rep_std.png>
Package pdftex.def Info: ./figs/snap_rep_std.png  used on input line 237.
(pdftex.def)             Requested size: 171.56894pt x 114.38162pt.
File: ./figs/snap_rep_err.png Graphic file (type png)
<use ./figs/snap_rep_err.png>
Package pdftex.def Info: ./figs/snap_rep_err.png  used on input line 242.
(pdftex.def)             Requested size: 171.56894pt x 114.38162pt.
<./figs/ens_std.png, id=102, 433.62pt x 289.08pt>
File: ./figs/ens_std.png Graphic file (type png)
<use ./figs/ens_std.png>
Package pdftex.def Info: ./figs/ens_std.png  used on input line 247.
(pdftex.def)             Requested size: 171.56894pt x 114.38162pt.
File: ./figs/ens_rep_err.png Graphic file (type png)
<use ./figs/ens_rep_err.png>
Package pdftex.def Info: ./figs/ens_rep_err.png  used on input line 253.
(pdftex.def)             Requested size: 171.56894pt x 114.38162pt.

Underfull \hbox (badness 10000) in paragraph at lines 225--256
[][] []
 []


Underfull \hbox (badness 10000) in paragraph at lines 225--256
[] []
 []

[6 <./figs/mcdrop_01_rep_fun.png> <./figs/mcdrop_01_err.png> <./figs/mcdrop_001
_rep_fun.png> <./figs/mcdrop_001_err.png> <./figs/sm_rep_loss_plot.png> <./figs
/snap_rep_loss_plot.png>]
<./figs/vary_b.png, id=116, 361.35pt x 289.08pt>
File: ./figs/vary_b.png Graphic file (type png)
<use ./figs/vary_b.png>
Package pdftex.def Info: ./figs/vary_b.png  used on input line 263.
(pdftex.def)             Requested size: 171.56894pt x 137.25708pt.
<./figs/vary_ac.png, id=117, 361.35pt x 289.08pt>
File: ./figs/vary_ac.png Graphic file (type png)
<use ./figs/vary_ac.png>
Package pdftex.def Info: ./figs/vary_ac.png  used on input line 270.
(pdftex.def)             Requested size: 171.56894pt x 137.25708pt.

Underfull \hbox (badness 10000) in paragraph at lines 271--271

 []

<./figs/vary_snaps.png, id=118, 538.4115pt x 270.5307pt>
File: ./figs/vary_snaps.png Graphic file (type png)
<use ./figs/vary_snaps.png>
Package pdftex.def Info: ./figs/vary_snaps.png  used on input line 276.
(pdftex.def)             Requested size: 266.88568pt x 134.0968pt.

Underfull \hbox (badness 10000) in paragraph at lines 260--280
[]$[]$ $[]$
 []

[7 <./figs/mcdrop_001_std.png> <./figs/snap_rep_std.png> <./figs/ens_std.png>]
<./figs/kmn_plot.png, id=128, 289.08pt x 144.54pt>
File: ./figs/kmn_plot.png Graphic file (type png)
<use ./figs/kmn_plot.png>
Package pdftex.def Info: ./figs/kmn_plot.png  used on input line 286.
(pdftex.def)             Requested size: 228.76247pt x 114.38162pt.

[8 <./figs/vary_b.png> <./figs/vary_ac.png> <./figs/vary_snaps.png>]
<./figs/params_tSNE_0.png, id=138, 361.35pt x 289.08pt>
File: ./figs/params_tSNE_0.png Graphic file (type png)
<use ./figs/params_tSNE_0.png>
Package pdftex.def Info: ./figs/params_tSNE_0.png  used on input line 296.
(pdftex.def)             Requested size: 154.411pt x 123.53004pt.
<./figs/params_tSNE_1.png, id=139, 361.35pt x 289.08pt>
File: ./figs/params_tSNE_1.png Graphic file (type png)
<use ./figs/params_tSNE_1.png>
Package pdftex.def Info: ./figs/params_tSNE_1.png  used on input line 303.
(pdftex.def)             Requested size: 154.411pt x 123.53004pt.
<./figs/params_tSNE_2.png, id=140, 361.35pt x 289.08pt>
File: ./figs/params_tSNE_2.png Graphic file (type png)
<use ./figs/params_tSNE_2.png>
Package pdftex.def Info: ./figs/params_tSNE_2.png  used on input line 309.
(pdftex.def)             Requested size: 154.411pt x 123.53004pt.
<./figs/preds_tSNE_0.png, id=141, 361.35pt x 289.08pt>
File: ./figs/preds_tSNE_0.png Graphic file (type png)
<use ./figs/preds_tSNE_0.png>
Package pdftex.def Info: ./figs/preds_tSNE_0.png  used on input line 322.
(pdftex.def)             Requested size: 154.411pt x 123.53004pt.
<./figs/preds_tSNE_1.png, id=142, 361.35pt x 289.08pt>
File: ./figs/preds_tSNE_1.png Graphic file (type png)
<use ./figs/preds_tSNE_1.png>
Package pdftex.def Info: ./figs/preds_tSNE_1.png  used on input line 329.
(pdftex.def)             Requested size: 154.411pt x 123.53004pt.
<./figs/preds_tSNE_2.png, id=143, 361.35pt x 289.08pt>
File: ./figs/preds_tSNE_2.png Graphic file (type png)
<use ./figs/preds_tSNE_2.png>
Package pdftex.def Info: ./figs/preds_tSNE_2.png  used on input line 335.
(pdftex.def)             Requested size: 154.411pt x 123.53004pt.
 [9 <./figs/kmn_plot.png> <./figs/params_tSNE_0.png> <./figs/params_tSNE_1.png>
 <./figs/params_tSNE_2.png>]
<./figs/params_cosine_similarities.png, id=154, 433.62pt x 144.54pt>
File: ./figs/params_cosine_similarities.png Graphic file (type png)
<use ./figs/params_cosine_similarities.png>
Package pdftex.def Info: ./figs/params_cosine_similarities.png  used on input l
ine 348.
(pdftex.def)             Requested size: 381.26692pt x 127.09633pt.
<./figs/preds_cosine_similarities.png, id=155, 433.62pt x 144.54pt>
File: ./figs/preds_cosine_similarities.png Graphic file (type png)
<use ./figs/preds_cosine_similarities.png>
Package pdftex.def Info: ./figs/preds_cosine_similarities.png  used on input li
ne 355.
(pdftex.def)             Requested size: 381.26692pt x 127.09633pt.
 [10 <./figs/preds_tSNE_0.png> <./figs/preds_tSNE_1.png> <./figs/preds_tSNE_2.p
ng>]
<./figs/planes.png, id=164, 867.24pt x 361.35pt>
File: ./figs/planes.png Graphic file (type png)
<use ./figs/planes.png>
Package pdftex.def Info: ./figs/planes.png  used on input line 363.
(pdftex.def)             Requested size: 381.26692pt x 158.86215pt.
<./figs/planes_large_max_lr.png, id=165, 867.24pt x 361.35pt>
File: ./figs/planes_large_max_lr.png Graphic file (type png)
<use ./figs/planes_large_max_lr.png>
Package pdftex.def Info: ./figs/planes_large_max_lr.png  used on input line 370
.
(pdftex.def)             Requested size: 381.26692pt x 158.86215pt.
 [11 <./figs/params_cosine_similarities.png> <./figs/preds_cosine_similarities.
png> <./figs/planes.png>]
<./figs/origin_planes.png, id=176, 867.24pt x 361.35pt>
File: ./figs/origin_planes.png Graphic file (type png)
<use ./figs/origin_planes.png>
Package pdftex.def Info: ./figs/origin_planes.png  used on input line 377.
(pdftex.def)             Requested size: 381.26692pt x 158.86215pt.
<./figs/line_plots.png, id=177, 867.24pt x 361.35pt>
File: ./figs/line_plots.png Graphic file (type png)
<use ./figs/line_plots.png>
Package pdftex.def Info: ./figs/line_plots.png  used on input line 384.
(pdftex.def)             Requested size: 381.26692pt x 158.86215pt.
 [12 <./figs/planes_large_max_lr.png> <./figs/origin_planes.png>] [13 <./figs/l
ine_plots.png>]

Package biblatex Warning: Name format 'last-first' deprecated.
(biblatex)                Please use 'family-given' instead.
(biblatex)                Using 'family-given' now.


Underfull \hbox (badness 2875) in paragraph at lines 417--417
[][]\OT1/cmr/m/n/10 Huang, G. et al. (2017). \  Snap-shot En-sem-bles: Train 1,
 Get M for Free".
 []


Package caption Warning: Unused \captionsetup[table] on input line 160.
See the caption package documentation for explanation.

Package atveryend Info: Empty hook `BeforeClearDocument' on input line 419.
[14]
Package atveryend Info: Empty hook `AfterLastShipout' on input line 419.
 (main.aux)
Package atveryend Info: Executing hook `AtVeryEndDocument' on input line 419.
Package atveryend Info: Executing hook `AtEndAfterFileList' on input line 419.
Package rerunfilecheck Info: File `main.out' has not changed.
(rerunfilecheck)             Checksum: F2BC6B2E5D13CBEABC549B76AAF6DC73;311.


LaTeX Warning: There were multiply-defined labels.


Package biblatex Warning: Please rerun LaTeX.
(biblatex)                Page breaks have changed.

Package logreq Info: Writing requests to 'main.run.xml'.
\openout1 = `main.run.xml'.

 ) 
Here is how much of TeX's memory you used:
 20186 strings out of 480790
 348441 string characters out of 2896363
 860778 words of memory out of 3000000
 35800 multiletter control sequences out of 15000+200000
 540985 words of font info for 59 fonts, out of 3000000 for 9000
 1141 hyphenation exceptions out of 8191
 43i,9n,54p,1658b,1619s stack positions out of 5000i,500n,10000p,200000b,50000s
 <C:\Users\apsaros\AppData\Local\MiKTeX\fonts/pk/ljfour/jknappen/ec/dpi600\tc
rm1000.pk><C:/Users/apsaros/AppData/Local/Programs/MiKTeX/fonts/type1/public/am
sfonts/cm/cmbx10.pfb><C:/Users/apsaros/AppData/Local/Programs/MiKTeX/fonts/type
1/public/amsfonts/cm/cmbx12.pfb><C:/Users/apsaros/AppData/Local/Programs/MiKTeX
/fonts/type1/public/amsfonts/cm/cmbx9.pfb><C:/Users/apsaros/AppData/Local/Progr
ams/MiKTeX/fonts/type1/public/amsfonts/cm/cmex10.pfb><C:/Users/apsaros/AppData/
Local/Programs/MiKTeX/fonts/type1/public/amsfonts/cm/cmmi10.pfb><C:/Users/apsar
os/AppData/Local/Programs/MiKTeX/fonts/type1/public/amsfonts/cm/cmmi7.pfb><C:/U
sers/apsaros/AppData/Local/Programs/MiKTeX/fonts/type1/public/amsfonts/cm/cmmi9
.pfb><C:/Users/apsaros/AppData/Local/Programs/MiKTeX/fonts/type1/public/amsfont
s/cm/cmr10.pfb><C:/Users/apsaros/AppData/Local/Programs/MiKTeX/fonts/type1/publ
ic/amsfonts/cm/cmr12.pfb><C:/Users/apsaros/AppData/Local/Programs/MiKTeX/fonts/
type1/public/amsfonts/cm/cmr6.pfb><C:/Users/apsaros/AppData/Local/Programs/MiKT
eX/fonts/type1/public/amsfonts/cm/cmr7.pfb><C:/Users/apsaros/AppData/Local/Prog
rams/MiKTeX/fonts/type1/public/amsfonts/cm/cmr9.pfb><C:/Users/apsaros/AppData/L
ocal/Programs/MiKTeX/fonts/type1/public/amsfonts/cm/cmsy10.pfb><C:/Users/apsaro
s/AppData/Local/Programs/MiKTeX/fonts/type1/public/amsfonts/cm/cmsy9.pfb><C:/Us
ers/apsaros/AppData/Local/Programs/MiKTeX/fonts/type1/public/amsfonts/cm/cmti10
.pfb><C:/Users/apsaros/AppData/Local/Programs/MiKTeX/fonts/type1/public/amsfont
s/cm/cmti9.pfb><C:/Users/apsaros/AppData/Local/Programs/MiKTeX/fonts/type1/publ
ic/amsfonts/cm/cmtt10.pfb>
Output written on main.pdf (14 pages, 4058791 bytes).
PDF statistics:
 270 PDF objects out of 1000 (max. 8388607)
 40 named destinations out of 1000 (max. 500000)
 214 words of extra memory for PDF output out of 10000 (max. 10000000)

